Started by user [8mha:AAAAlh+LCAAAAAAAAP9b85aBtbiIQTGjNKU4P08vOT+vOD8nVc83PyU1x6OyILUoJzMv2y+/JJUBAhiZGBgqihhk0NSjKDWzXb3RdlLBUSYGJk8GtpzUvPSSDB8G5tKinBIGIZ+sxLJE/ZzEvHT94JKizLx0a6BxUmjGOUNodHsLgAzOEgYu/dLi1CL9vNKcHACFIKlWvwAAAA==[0manonymous
Building in workspace /var/jenkins_home/workspace/build-job-1
FSSCM.checkout /var/jenkins_home/code/final/printer to /var/jenkins_home/workspace/build-job-1
New file: pom.xml
New file: src/test/java/poc/rubiconred/fusioncloud/ci/util/TestExecution.java
New file: src/main/java/poc/rubiconred/fusioncloud/ci/util/core/Vertex.java
New file: src/main/java/poc/rubiconred/fusioncloud/ci/util/core/Graph.java
New file: src/main/java/poc/rubiconred/fusioncloud/ci/util/core/builder/EdgeBuilder.java
New file: src/main/java/poc/rubiconred/fusioncloud/ci/util/core/builder/GraphBuilder.java
New file: src/main/java/poc/rubiconred/fusioncloud/ci/util/core/DefaultVertex.java
New file: src/main/java/poc/rubiconred/fusioncloud/ci/util/core/Edge.java
New file: src/main/java/poc/rubiconred/fusioncloud/ci/util/core/DirectedGraphDemo.java
New file: src/main/resources/sub-folder/config.properties

FSSCM.check completed in 116 milliseconds
ERROR: A Maven installation needs to be available for this project to be built.Either your server has no Maven installations defined, or the requested Maven version does not exist.
[8mha:AAAAWB+LCAAAAAAAAP9b85aBtbiIQSmjNKU4P08vOT+vOD8nVc8DzHWtSE4tKMnMz/PLL0ldFVf2c+b/lb5MDAwVRQxSaBqcITRIIQMEMIIUFgAAckCEiWAAAAA=[0m[MyST Studio] :: Posting build end summary to MyST Studio
ERROR: Build step failed with exception
[8mha:AAAAWB+LCAAAAAAAAP9b85aBtbiIQSmjNKU4P08vOT+vOD8nVc8DzHWtSE4tKMnMz/PLL0ldFVf2c+b/lb5MDAwVRQxSaBqcITRIIQMEMIIUFgAAckCEiWAAAAA=[0mjava.lang.RuntimeException: [MyST Studio] :: can not post build summary for a failed build to myst studio
	at com.rubiconred.notification.Phase.handle(Phase.java:109)
	at org.jenkinsci.plugins.mystpublisher.MySTStudioPublisher.perform(MySTStudioPublisher.java:42)
	at hudson.tasks.BuildStepMonitor$1.perform(BuildStepMonitor.java:20)
	at hudson.model.AbstractBuild$AbstractBuildExecution.perform(AbstractBuild.java:782)
	at hudson.model.AbstractBuild$AbstractBuildExecution.performAllBuildSteps(AbstractBuild.java:723)
	at hudson.maven.MavenModuleSetBuild$MavenModuleSetBuildExecution.post2(MavenModuleSetBuild.java:1037)
	at hudson.model.AbstractBuild$AbstractBuildExecution.post(AbstractBuild.java:668)
	at hudson.model.Run.execute(Run.java:1763)
	at hudson.maven.MavenModuleSetBuild.run(MavenModuleSetBuild.java:529)
	at hudson.model.ResourceController.execute(ResourceController.java:98)
	at hudson.model.Executor.run(Executor.java:410)
Build step 'Publish to MyST Studio' marked build as failure
Finished: FAILURE
